* using log directory ‘/Users/lucasgodeirolucas/Desktop/TextForecast/TextForecast.Rcheck’
* using R version 3.5.1 (2018-07-02)
* using platform: x86_64-apple-darwin15.6.0 (64-bit)
* using session charset: UTF-8
* using option ‘--as-cran’
* checking for file ‘TextForecast/DESCRIPTION’ ... OK
* checking extension type ... Package
* this is package ‘TextForecast’ version ‘0.1.0’
* package encoding: UTF-8
* checking CRAN incoming feasibility ... NOTE
Maintainer: ‘Lucas Godeiro <lucas.godeiro@hotmail.com>’

New submission

Non-FOSS package license (GLP-3)

The Title field should be in title case, current version then in title case:
‘Forecasting and Regression Analysis using textual data.’
‘Forecasting and Regression Analysis using Textual Data.’

The Description field should not start with the package name,
  'This package' or similar.

Size of tarball: 107679530 bytes
* checking package namespace information ... OK
* checking package dependencies ... OK
* checking if this is a source package ... OK
* checking if there is a namespace ... OK
* checking for executable files ... OK
* checking for hidden files and directories ... OK
* checking for portable file names ... OK
* checking for sufficient/correct file permissions ... OK
* checking serialization versions ... OK
* checking whether package ‘TextForecast’ can be installed ... WARNING
Found the following significant warnings:
  Warning: replacing previous import ‘stats::filter’ by ‘dplyr::filter’ when loading ‘TextForecast’
See ‘/Users/lucasgodeirolucas/Desktop/TextForecast/TextForecast.Rcheck/00install.out’ for details.
* checking installed package size ... NOTE
  installed size is 106.1Mb
  sub-directories of 1Mb or more:
    news  105.5Mb
* checking package directory ... OK
* checking ‘build’ directory ... OK
* checking DESCRIPTION meta-information ... NOTE
Malformed Title field: should not end in a period.
Non-standard license specification:
  GLP-3
Standardizable: FALSE
Maintainer field differs from that derived from Authors@R
  Maintainer: ‘Lucas Godeiro <lucas.godeiro@hotmail.com>’
  Authors@R:  ‘Luiz Renato Lima <hadley@rstudio.com>’

* checking top-level files ... NOTE
Files ‘README.md’ or ‘NEWS.md’ cannot be checked without ‘pandoc’ being installed.
Non-standard files/directories found at top level:
  ‘english-ud-2.0-170801.udpipe’ ‘textforecast.html’
* checking for left-over files ... OK
* checking index information ... OK
* checking package subdirectories ... OK
* checking R files for non-ASCII characters ... OK
* checking R files for syntax errors ... OK
* checking whether the package can be loaded ... OK
* checking whether the package can be loaded with stated dependencies ... OK
* checking whether the package can be unloaded cleanly ... OK
* checking whether the namespace can be loaded with stated dependencies ... OK
* checking whether the namespace can be unloaded cleanly ... OK
* checking use of S3 registration ... OK
* checking dependencies in R code ... WARNING
'library' or 'require' call not declared from: ‘tidytext’
'library' or 'require' call to ‘tidytext’ in package code.
  Please use :: or requireNamespace() instead.
  See section 'Suggested packages' in the 'Writing R Extensions' manual.
* checking S3 generic/method consistency ... OK
* checking replacement functions ... OK
* checking foreign function calls ... OK
* checking R code for possible problems ... NOTE
get_collocations : cleancorpus: no visible binding for global variable
  ‘stop_words’
get_collocations : generateTDM: no visible binding for global variable
  ‘ngram’
get_collocations : generateTDM: no visible binding for global variable
  ‘freq’
get_words : cleancorpus: no visible binding for global variable
  ‘stop_words’
tv_sentiment_index: no visible binding for global variable ‘estimate’
tv_sentiment_index: no visible binding for global variable ‘term’
Undefined global functions or variables:
  estimate freq ngram stop_words term
* checking Rd files ... OK
* checking Rd metadata ... OK
* checking Rd line widths ... NOTE
Rd file 'get_collocations.Rd':
  \examples lines wider than 100 characters:
     qt=paste0(sort(rep(seq(from=st_year,to=end_year,by=1),12)),c("m1","m2","m3","m4","m5","m6","m7","m8","m9","m10","m11","m12"))
     z_coll=get_collocations(corpus_dates=qt[1:23],path_name=path_name,ntrms=500,ngrams_number=3,min_freq=10)

Rd file 'get_terms.Rd':
  \examples lines wider than 100 characters:
     qt=paste0(sort(rep(seq(from=st_year,to=end_year,by=1),12)),c("m1","m2","m3","m4","m5","m6","m7","m8","m9","m10","m11","m12"))
     z_terms=get_terms(corpus_dates=qt[1:23],path.name=path_name,ntrms_words=500,ngrams_number=3,st=0,ntrms_collocation=500,min_freq=10)

Rd file 'get_words.Rd':
  \examples lines wider than 100 characters:
     qt=paste0(sort(rep(seq(from=st_year,to=end_year,by=1),12)),c("m1","m2","m3","m4","m5","m6","m7","m8","m9","m10","m11","m12"))

Rd file 'top_terms.Rd':
  \examples lines wider than 100 characters:
     top_trms<- top_terms(x[1:(t-1),],w[1:(t-1),],y[2:t],optimal_alphas[[1]],optimal_alphas[[2]],10,TRUE,10,c(5,0.15),.15,"gaussian")

Rd file 'tv_dictionary.Rd':
  \examples lines wider than 100 characters:
     x_star=tv_dictionary(x=x[1:(t-1),],w=w[1:(t-1),],y=y[2:t],alpha=optimal_alphas[1],lambda=optimal_alphas[2],newx=x,family="gaussian")

Rd file 'tv_sentiment_index.Rd':
  \examples lines wider than 100 characters:
     tv_index <- tv_sentiment_index(x[1:(t-1),],w[1:(t-1),],y[2:t],optimal_alphas[[1]],optimal_alphas[[2]],x,"gaussian",2)

These lines will be truncated in the PDF manual.
* checking Rd cross-references ... OK
* checking for missing documentation entries ... WARNING
Undocumented code objects:
  ‘optimal_factors’
Undocumented data sets:
  ‘optimal_factors’
All user-level objects in a package should have documentation entries.
See chapter ‘Writing R documentation files’ in the ‘Writing R
Extensions’ manual.
* checking for code/documentation mismatches ... OK
* checking Rd \usage sections ... OK
* checking Rd contents ... OK
* checking for unstated dependencies in examples ... OK
* checking contents of ‘data’ directory ... OK
* checking data for non-ASCII characters ... OK
* checking data for ASCII and uncompressed saves ... WARNING
  Warning: package needs dependence on R (>= 2.10)
* checking sizes of PDF files under ‘inst/doc’ ... OK
* checking installed files from ‘inst/doc’ ... OK
* checking files in ‘vignettes’ ... OK
* checking examples ... NOTE
Examples with CPU or elapsed time > 5s
                     user system elapsed
top_terms          40.032  1.533  41.631
tv_sentiment_index 40.000  1.563  41.709
* checking for unstated dependencies in vignettes ... OK
* checking package vignettes in ‘inst/doc’ ... OK
* checking re-building of vignette outputs ... OK
* checking PDF version of manual ... OK
* DONE
Status: 4 WARNINGs, 7 NOTEs
